{ make: 'W Motors',
  model: 'Lykan HyperSport PDK',
  year: '2013',
  'body type': '2 seater fixed-head coupé',
  'number of doors': '2',
  designer: '',
  wheelbase: '2625',
  'track/tread (front)': '1506',
  'track/tread (rear)': '1585',
  length: '4495',
  width: '1995',
  height: '1180',
  'ground clearance': '',
  'length:wheelbase ratio': '1.71',
  'kerb weight': '1400 ',
  'weight distribution': '',
  'fuel tank capacity': '',
  'drag coefficient': '',
  'frontal area': '',
  cda: '',
  'engine type': 'turbocharged petrol',
  'engine manufacturer': 'Porsche',
  'engine code': '',
  cylinders: 'Flat 6',
  capacity: '3.7 litre',
  'bore/stroke ratio': '1.34',
  'maximum power output': '750 ',
  'specific output': '197.5 ',
  'maximum torque': '960 ',
  'specific torque': '256.27 ',
  'engine construction': '',
  sump: 'dry sumped',
  'compression ratio': '',
  'fuel system': 'EFI',
  'bmep (brake mean effective pressure)': '3220.4 ',
  'maximum rpm': '',
  'crankshaft bearings': '',
  'engine coolant': 'Water',
  'unitary capacity': '624.33 ',
  aspiration: 'Turbo',
  compressor: 'twin turbochargers',
  intercooler: 'Y',
  'catalytic converter': 'Y',
  'acceleration 0-80km/h (50mph)': '',
  'acceleration 0-60mph': '',
  'acceleration 0-100km/h': '2.8 ',
  'acceleration 0-160km/h (100mph)': '',
  'standing quarter-mile': '',
  'standing kilometre': ' ',
  'maximum speed': '385 ',
  'power-to-weight ratio': '535.92 ',
  'weight-to-power ratio': '2.54 ',
  'fuel consumption': '20.0/9.9/13.5 l/100km urban/extra-urban/combined',
  'universal consumption (calculated from the above)': '',
  'litres per 100km': '20.0/9.9/13.5 l/100km urban/extra-urban/combined',
  'km per litre': '5.0/10.1/7.4 km/l urban/extra-urban/combined',
  'uk mpg': '14.1/28.5/20.9 UK MPG urban/extra-urban/combined',
  'us mpg': '11.8/23.8/17.4 US MPG urban/extra-urban/combined',
  'carbon dioxide emissions': '311.0 ',
  'ved band (uk)': '',
  co: '',
  'engine position': 'mid',
  'engine layout': 'longitudinal',
  'drive wheels': 'rear wheel drive ',
  'torque split': 'N/A',
  steering: '',
  'turns lock-to-lock': '',
  'turning circle': '',
  'front suspension': '',
  'rear suspension': '',
  'wheel size front': '8½ x 19',
  'wheel size rear': '12½ x 20',
  'tyres front': '255/35 ZR 19',
  'tyres rear': '335/30 ZR 20',
  'brakes f/r': 'VeDi/VeDi-S-ABS',
  'front brake diameter': '380 ',
  'rear brake diameter': '380 ',
  gearbox: '7 speed automatic',
  'top gear ratio': '',
  'final drive ratio': '',
  'bore x stroke': '102 x 76.4' }

{ make: 'W Motors',
  model: 'Fenyr SuperSport',
  year: '2015',
  'body type': '2 seater fixed-head coupé',
  'number of doors': '2',
  designer: '',
  wheelbase: '2625',
  'track/tread (front)': '1667',
  'track/tread (rear)': '1720',
  length: '4684',
  width: '1983',
  height: '1199',
  'ground clearance': '',
  'length:wheelbase ratio': '1.78',
  'kerb weight': '1300 ',
  'weight distribution': '',
  'fuel tank capacity': '',
  'drag coefficient': '',
  'frontal area': '',
  cda: '',
  'engine type': 'turbocharged petrol',
  'engine manufacturer': 'Porsche/RUF',
  'engine code': '',
  cylinders: 'Flat 6',
  capacity: '4 litre',
  'bore/stroke ratio': '',
  'maximum power output': '900 ',
  'specific output': '222 ',
  'maximum torque': '1100 ',
  'specific torque': '275 ',
  'engine construction': '',
  sump: 'dry sumped',
  'compression ratio': '',
  'fuel system': 'EFI',
  'bmep (brake mean effective pressure)': '3455.8 ',
  'maximum rpm': '',
  'crankshaft bearings': '',
  'engine coolant': 'Water',
  'unitary capacity': '666.67 ',
  aspiration: 'Turbo',
  compressor: '2 turbochargers',
  intercooler: 'Y',
  'catalytic converter': 'Y',
  'acceleration 0-80km/h (50mph)': '',
  'acceleration 0-60mph': '',
  'acceleration 0-100km/h': '2.7 ',
  'acceleration 0-160km/h (100mph)': '',
  'standing quarter-mile': '',
  'standing kilometre': ' ',
  'maximum speed': '',
  'power-to-weight ratio': '692.57 ',
  'weight-to-power ratio': '1.96 ',
  'fuel consumption': '20.0/9.9/13.5 l/100km urban/extra-urban/combined',
  'universal consumption (calculated from the above)': '',
  'litres per 100km': '20.0/9.9/13.5 l/100km urban/extra-urban/combined',
  'km per litre': '5.0/10.1/7.4 km/l urban/extra-urban/combined',
  'uk mpg': '14.1/28.5/20.9 UK MPG urban/extra-urban/combined',
  'us mpg': '11.8/23.8/17.4 US MPG urban/extra-urban/combined',
  'carbon dioxide emissions': '311.0 ',
  'ved band (uk)': '',
  co: '',
  'engine position': 'mid',
  'engine layout': 'longitudinal',
  'drive wheels': 'rear wheel drive ',
  'torque split': 'N/A',
  steering: 'rack & pinion PAS',
  'turns lock-to-lock': '',
  'turning circle': '',
  'front suspension': '',
  'rear suspension': '',
  'wheel size front': '8½ x 20',
  'wheel size rear': '12½ x 21',
  'tyres front': '255/35 ZR 20',
  'tyres rear': '335/50 ZR 21',
  'brakes f/r': 'VeDi/VeDi-S-ABS',
  'front brake diameter': '420 ',
  'rear brake diameter': '420 ',
  gearbox: '7 speed automatic',
  'top gear ratio': '',
  'final drive ratio': '',
  'bore x stroke': '' }

{ make: 'W Motors',
  model: 'Lykan HyperSport',
  year: '2013',
  'body type': '2 seater fixed-head coupé',
  'number of doors': '2',
  designer: '',
  wheelbase: '2625',
  'track/tread (front)': '1506',
  'track/tread (rear)': '1585',
  length: '4495',
  width: '1995',
  height: '1180',
  'ground clearance': '',
  'length:wheelbase ratio': '1.71',
  'kerb weight': '1400 ',
  'weight distribution': '',
  'fuel tank capacity': '',
  'drag coefficient': '',
  'frontal area': '',
  cda: '',
  'engine type': 'turbocharged petrol',
  'engine manufacturer': 'Porsche',
  'engine code': '',
  cylinders: 'Flat 6',
  capacity: '3.7 litre',
  'bore/stroke ratio': '1.34',
  'maximum power output': '750 ',
  'specific output': '197.5 ',
  'maximum torque': '960 ',
  'specific torque': '256.27 ',
  'engine construction': '',
  sump: 'dry sumped',
  'compression ratio': '',
  'fuel system': 'EFI',
  'bmep (brake mean effective pressure)': '3220.4 ',
  'maximum rpm': '',
  'crankshaft bearings': '',
  'engine coolant': 'Water',
  'unitary capacity': '624.33 ',
  aspiration: 'Turbo',
  compressor: 'twin turbochargers',
  intercooler: 'Y',
  'catalytic converter': 'Y',
  'acceleration 0-80km/h (50mph)': '',
  'acceleration 0-60mph': '',
  'acceleration 0-100km/h': '2.8 ',
  'acceleration 0-160km/h (100mph)': '',
  'standing quarter-mile': '',
  'standing kilometre': ' ',
  'maximum speed': '385 ',
  'power-to-weight ratio': '535.92 ',
  'weight-to-power ratio': '2.54 ',
  'fuel consumption': '20.0/9.9/13.5 l/100km urban/extra-urban/combined',
  'universal consumption (calculated from the above)': '',
  'litres per 100km': '20.0/9.9/13.5 l/100km urban/extra-urban/combined',
  'km per litre': '5.0/10.1/7.4 km/l urban/extra-urban/combined',
  'uk mpg': '14.1/28.5/20.9 UK MPG urban/extra-urban/combined',
  'us mpg': '11.8/23.8/17.4 US MPG urban/extra-urban/combined',
  'carbon dioxide emissions': '311.0 ',
  'ved band (uk)': '',
  co: '',
  'engine position': 'mid',
  'engine layout': 'longitudinal',
  'drive wheels': 'rear wheel drive ',
  'torque split': 'N/A',
  steering: '',
  'turns lock-to-lock': '',
  'turning circle': '',
  'front suspension': '',
  'rear suspension': '',
  'wheel size front': '8½ x 19',
  'wheel size rear': '12½ x 20',
  'tyres front': '255/35 ZR 19',
  'tyres rear': '335/30 ZR 20',
  'brakes f/r': 'VeDi/VeDi-S-ABS',
  'front brake diameter': '380 ',
  'rear brake diameter': '380 ',
  gearbox: '6 speed manual',
  'top gear ratio': '',
  'final drive ratio': '',
  'bore x stroke': '102 x 76.4' }

